2024-03-28 21:06:57,779 kombu_rmq_qmanager_13948: Connected to RabbitMQ Server
2024-03-28 21:06:57,783 connection_13948: Start from server, version: 0.9, properties: {'capabilities': {'publisher_confirms': True, 'exchange_exchange_bindings': True, 'basic.nack': True, 'consumer_cancel_notify': True, 'connection.blocked': True, 'consumer_priorities': True, 'authentication_failure_close': True, 'per_consumer_qos': True, 'direct_reply_to': True}, 'cluster_name': 'rabbit@rabbitmq', 'copyright': 'Copyright (c) 2007-2024 Broadcom Inc and/or its subsidiaries', 'information': 'Licensed under the MPL 2.0. Website: https://rabbitmq.com', 'platform': 'Erlang/OTP 26.2.2', 'product': 'RabbitMQ', 'version': '3.13.0'}, mechanisms: [b'AMQPLAIN', b'PLAIN'], locales: ['en_US']
2024-03-28 21:06:57,784 channel_13948: using channel_id: 1
2024-03-28 21:06:57,785 channel_13948: Channel open
2024-03-28 21:06:57,786 channel_13948: Closed channel #1
2024-03-28 21:06:57,786 channel_13948: using channel_id: 1
2024-03-28 21:06:57,787 channel_13948: Channel open
2024-03-28 21:06:57,789 channel_13948: Closed channel #1
2024-03-28 21:06:57,789 channel_13948: using channel_id: 1
2024-03-28 21:06:57,789 channel_13948: Channel open
2024-03-28 21:06:57,791 channel_13948: Closed channel #1
2024-03-28 21:06:57,791 channel_13948: using channel_id: 1
2024-03-28 21:06:57,792 channel_13948: Channel open
2024-03-28 21:07:26,941 kombu_rmq_qmanager_17004: Connected to RabbitMQ Server
2024-03-28 21:07:26,944 connection_17004: Start from server, version: 0.9, properties: {'capabilities': {'publisher_confirms': True, 'exchange_exchange_bindings': True, 'basic.nack': True, 'consumer_cancel_notify': True, 'connection.blocked': True, 'consumer_priorities': True, 'authentication_failure_close': True, 'per_consumer_qos': True, 'direct_reply_to': True}, 'cluster_name': 'rabbit@rabbitmq', 'copyright': 'Copyright (c) 2007-2024 Broadcom Inc and/or its subsidiaries', 'information': 'Licensed under the MPL 2.0. Website: https://rabbitmq.com', 'platform': 'Erlang/OTP 26.2.2', 'product': 'RabbitMQ', 'version': '3.13.0'}, mechanisms: [b'AMQPLAIN', b'PLAIN'], locales: ['en_US']
2024-03-28 21:07:26,946 channel_17004: using channel_id: 1
2024-03-28 21:07:26,946 channel_17004: Channel open
2024-03-28 21:07:26,948 channel_17004: Closed channel #1
2024-03-28 21:07:26,948 channel_17004: using channel_id: 1
2024-03-28 21:07:26,948 channel_17004: Channel open
2024-03-28 21:07:26,950 channel_17004: Closed channel #1
2024-03-28 21:07:26,950 channel_17004: using channel_id: 1
2024-03-28 21:07:26,951 channel_17004: Channel open
2024-03-28 21:07:26,952 channel_17004: Closed channel #1
2024-03-28 21:07:26,952 channel_17004: using channel_id: 1
2024-03-28 21:07:26,953 channel_17004: Channel open
2024-03-28 21:07:42,675 log_4528: Not Found: /
2024-03-28 21:07:43,069 log_4528: Not Found: /favicon.ico
2024-03-28 21:07:55,415 log_4528: Not Found: /hello
2024-03-28 22:22:26,045 kombu_rmq_qmanager_7252: Connected to RabbitMQ Server
2024-03-28 22:22:26,049 connection_7252: Start from server, version: 0.9, properties: {'capabilities': {'publisher_confirms': True, 'exchange_exchange_bindings': True, 'basic.nack': True, 'consumer_cancel_notify': True, 'connection.blocked': True, 'consumer_priorities': True, 'authentication_failure_close': True, 'per_consumer_qos': True, 'direct_reply_to': True}, 'cluster_name': 'rabbit@rabbitmq', 'copyright': 'Copyright (c) 2007-2024 Broadcom Inc and/or its subsidiaries', 'information': 'Licensed under the MPL 2.0. Website: https://rabbitmq.com', 'platform': 'Erlang/OTP 26.2.2', 'product': 'RabbitMQ', 'version': '3.13.0'}, mechanisms: [b'AMQPLAIN', b'PLAIN'], locales: ['en_US']
2024-03-28 22:22:26,050 channel_7252: using channel_id: 1
2024-03-28 22:22:26,051 channel_7252: Channel open
2024-03-28 22:22:26,052 channel_7252: Closed channel #1
2024-03-28 22:22:26,052 channel_7252: using channel_id: 1
2024-03-28 22:22:26,053 channel_7252: Channel open
2024-03-28 22:22:26,054 channel_7252: Closed channel #1
2024-03-28 22:22:26,054 channel_7252: using channel_id: 1
2024-03-28 22:22:26,055 channel_7252: Channel open
2024-03-28 22:22:26,056 channel_7252: Closed channel #1
2024-03-28 22:22:26,056 channel_7252: using channel_id: 1
2024-03-28 22:22:26,057 channel_7252: Channel open
2024-03-28 22:22:36,422 log_7872: Internal Server Error: /
Traceback (most recent call last):
  File "C:\Users\Anarchy\AppData\Local\Programs\Python\Python312\Lib\site-packages\django\template\base.py", line 502, in parse
    compile_func = self.tags[command]
                   ~~~~~~~~~^^^^^^^^^
KeyError: 'static'

During handling of the above exception, another exception occurred:

Traceback (most recent call last):
  File "C:\Users\Anarchy\AppData\Local\Programs\Python\Python312\Lib\site-packages\django\core\handlers\exception.py", line 55, in inner
    response = get_response(request)
               ^^^^^^^^^^^^^^^^^^^^^
  File "C:\Users\Anarchy\AppData\Local\Programs\Python\Python312\Lib\site-packages\django\core\handlers\base.py", line 197, in _get_response
    response = wrapped_callback(request, *callback_args, **callback_kwargs)
               ^^^^^^^^^^^^^^^^^^^^^^^^^^^^^^^^^^^^^^^^^^^^^^^^^^^^^^^^^^^^
  File "D:\Projects\Python\project\backend\backend_project\backend_project\urls.py", line 22, in home
    return render(request, template_name='index.html')
           ^^^^^^^^^^^^^^^^^^^^^^^^^^^^^^^^^^^^^^^^^^^
  File "C:\Users\Anarchy\AppData\Local\Programs\Python\Python312\Lib\site-packages\django\shortcuts.py", line 25, in render
    content = loader.render_to_string(template_name, context, request, using=using)
              ^^^^^^^^^^^^^^^^^^^^^^^^^^^^^^^^^^^^^^^^^^^^^^^^^^^^^^^^^^^^^^^^^^^^^
  File "C:\Users\Anarchy\AppData\Local\Programs\Python\Python312\Lib\site-packages\django\template\loader.py", line 61, in render_to_string
    template = get_template(template_name, using=using)
               ^^^^^^^^^^^^^^^^^^^^^^^^^^^^^^^^^^^^^^^^
  File "C:\Users\Anarchy\AppData\Local\Programs\Python\Python312\Lib\site-packages\django\template\loader.py", line 15, in get_template
    return engine.get_template(template_name)
           ^^^^^^^^^^^^^^^^^^^^^^^^^^^^^^^^^^
  File "C:\Users\Anarchy\AppData\Local\Programs\Python\Python312\Lib\site-packages\django\template\backends\django.py", line 33, in get_template
    return Template(self.engine.get_template(template_name), self)
                    ^^^^^^^^^^^^^^^^^^^^^^^^^^^^^^^^^^^^^^^
  File "C:\Users\Anarchy\AppData\Local\Programs\Python\Python312\Lib\site-packages\django\template\engine.py", line 177, in get_template
    template, origin = self.find_template(template_name)
                       ^^^^^^^^^^^^^^^^^^^^^^^^^^^^^^^^^
  File "C:\Users\Anarchy\AppData\Local\Programs\Python\Python312\Lib\site-packages\django\template\engine.py", line 159, in find_template
    template = loader.get_template(name, skip=skip)
               ^^^^^^^^^^^^^^^^^^^^^^^^^^^^^^^^^^^^
  File "C:\Users\Anarchy\AppData\Local\Programs\Python\Python312\Lib\site-packages\django\template\loaders\cached.py", line 57, in get_template
    template = super().get_template(template_name, skip)
               ^^^^^^^^^^^^^^^^^^^^^^^^^^^^^^^^^^^^^^^^^
  File "C:\Users\Anarchy\AppData\Local\Programs\Python\Python312\Lib\site-packages\django\template\loaders\base.py", line 28, in get_template
    return Template(
           ^^^^^^^^^
  File "C:\Users\Anarchy\AppData\Local\Programs\Python\Python312\Lib\site-packages\django\template\base.py", line 154, in __init__
    self.nodelist = self.compile_nodelist()
                    ^^^^^^^^^^^^^^^^^^^^^^^
  File "C:\Users\Anarchy\AppData\Local\Programs\Python\Python312\Lib\site-packages\django\template\base.py", line 196, in compile_nodelist
    return parser.parse()
           ^^^^^^^^^^^^^^
  File "C:\Users\Anarchy\AppData\Local\Programs\Python\Python312\Lib\site-packages\django\template\base.py", line 504, in parse
    self.invalid_block_tag(token, command, parse_until)
  File "C:\Users\Anarchy\AppData\Local\Programs\Python\Python312\Lib\site-packages\django\template\base.py", line 565, in invalid_block_tag
    raise self.error(
django.template.exceptions.TemplateSyntaxError: Invalid block tag on line 11: 'static'. Did you forget to register or load this tag?
2024-03-28 22:22:55,913 kombu_rmq_qmanager_7872: Publishing message in RequestForServiceMessage. Header businessId: ebbf6d64-fcbf-4147-8227-6ad92d0e7993
2024-03-28 22:23:25,060 kombu_rmq_qmanager_7872: Publishing message in RequestForServiceMessage. Header businessId: d16c828f-2b9d-4f0b-bfee-a0534f8194dc
2024-03-28 22:23:34,133 kombu_rmq_qmanager_7872: Publishing message in RequestForServiceMessage. Header businessId: fe4d53b6-8da7-45bd-adcf-17e9ef0d661e
2024-03-28 22:23:34,313 kombu_rmq_qmanager_7872: Publishing message in RequestForServiceMessage. Header businessId: 679c2055-696a-437c-877c-da36547856a9
2024-03-28 22:23:34,469 kombu_rmq_qmanager_7872: Publishing message in RequestForServiceMessage. Header businessId: d7318277-e69f-443e-82fa-cebb240bd78c
2024-03-28 22:23:34,622 kombu_rmq_qmanager_7872: Publishing message in RequestForServiceMessage. Header businessId: b48f1604-310d-4ac1-8807-7d2e89a66944
2024-03-28 22:23:34,771 kombu_rmq_qmanager_7872: Publishing message in RequestForServiceMessage. Header businessId: 423e1340-3f1d-4e40-9f5d-568095f15093
2024-03-28 22:23:34,941 kombu_rmq_qmanager_7872: Publishing message in RequestForServiceMessage. Header businessId: 98ba767e-e457-4019-9c3b-c1e6c649492b
2024-03-30 15:51:12,682 kombu_rmq_qmanager_6856: Connected to RabbitMQ Server
2024-03-30 15:52:03,492 kombu_rmq_qmanager_828: Connected to RabbitMQ Server
2024-03-30 15:52:28,096 kombu_rmq_qmanager_6860: Connected to RabbitMQ Server
2024-03-30 15:53:03,629 kombu_rmq_qmanager_4376: Connected to RabbitMQ Server
2024-03-30 15:53:25,915 kombu_rmq_qmanager_7556: Connected to RabbitMQ Server
2024-03-30 15:53:33,301 kombu_rmq_qmanager_7556: Queue ResultFromServiceMessage initialization error:
[Errno 11001] getaddrinfo failed
2024-03-30 15:54:20,602 kombu_rmq_qmanager_1884: Connected to RabbitMQ Server
2024-03-30 15:54:27,982 kombu_rmq_qmanager_1884: Queue ResultFromServiceMessage initialization error:
[Errno 11001] getaddrinfo failed
2024-03-30 15:55:59,279 kombu_rmq_qmanager_19012: Connected to RabbitMQ Server
2024-03-30 15:56:06,676 kombu_rmq_qmanager_19012: Queue ResultFromServiceMessage initialization error:
[Errno 11001] getaddrinfo failed
2024-03-30 15:56:53,093 kombu_rmq_qmanager_17940: Connected to RabbitMQ Server
2024-03-30 15:56:53,097 connection_17940: Start from server, version: 0.9, properties: {'capabilities': {'publisher_confirms': True, 'exchange_exchange_bindings': True, 'basic.nack': True, 'consumer_cancel_notify': True, 'connection.blocked': True, 'consumer_priorities': True, 'authentication_failure_close': True, 'per_consumer_qos': True, 'direct_reply_to': True}, 'cluster_name': 'rabbit@rabbitmq', 'copyright': 'Copyright (c) 2007-2024 Broadcom Inc and/or its subsidiaries', 'information': 'Licensed under the MPL 2.0. Website: https://rabbitmq.com', 'platform': 'Erlang/OTP 26.2.2', 'product': 'RabbitMQ', 'version': '3.13.0'}, mechanisms: [b'AMQPLAIN', b'PLAIN'], locales: ['en_US']
2024-03-30 15:56:53,099 channel_17940: using channel_id: 1
2024-03-30 15:56:53,099 channel_17940: Channel open
2024-03-30 15:56:53,101 channel_17940: Closed channel #1
2024-03-30 15:56:53,101 channel_17940: using channel_id: 1
2024-03-30 15:56:53,102 channel_17940: Channel open
2024-03-30 15:56:53,103 channel_17940: Closed channel #1
2024-03-30 15:56:53,103 channel_17940: using channel_id: 1
2024-03-30 15:56:53,104 channel_17940: Channel open
2024-03-30 15:56:53,105 channel_17940: Closed channel #1
2024-03-30 15:56:53,105 channel_17940: using channel_id: 1
2024-03-30 15:56:53,106 channel_17940: Channel open
2024-03-30 15:56:53,106 channel_18496: using channel_id: 2
2024-03-30 15:56:53,107 kombu_rmq_qmanager_17940: Connected to RabbitMQ Server
2024-03-30 15:56:53,107 channel_18496: Channel open
2024-03-30 15:56:53,107 kombu_rmq_qmanager_18496: Consuming from queue: ResultFromServiceMessage ...
2024-03-30 15:56:53,108 connection_17940: Start from server, version: 0.9, properties: {'capabilities': {'publisher_confirms': True, 'exchange_exchange_bindings': True, 'basic.nack': True, 'consumer_cancel_notify': True, 'connection.blocked': True, 'consumer_priorities': True, 'authentication_failure_close': True, 'per_consumer_qos': True, 'direct_reply_to': True}, 'cluster_name': 'rabbit@rabbitmq', 'copyright': 'Copyright (c) 2007-2024 Broadcom Inc and/or its subsidiaries', 'information': 'Licensed under the MPL 2.0. Website: https://rabbitmq.com', 'platform': 'Erlang/OTP 26.2.2', 'product': 'RabbitMQ', 'version': '3.13.0'}, mechanisms: [b'AMQPLAIN', b'PLAIN'], locales: ['en_US']
2024-03-30 15:56:53,110 channel_17940: using channel_id: 1
2024-03-30 15:56:53,110 channel_17940: Channel open
2024-03-30 15:56:53,112 channel_17940: Closed channel #1
2024-03-30 15:56:53,112 channel_17940: using channel_id: 1
2024-03-30 15:56:53,113 channel_17940: Channel open
2024-03-30 15:56:53,114 channel_17940: Closed channel #1
2024-03-30 15:56:53,114 channel_17940: using channel_id: 1
2024-03-30 15:56:53,115 channel_17940: Channel open
2024-03-30 15:56:53,116 channel_17940: Closed channel #1
2024-03-30 15:56:53,116 channel_17940: using channel_id: 1
2024-03-30 15:56:53,117 channel_17940: Channel open
2024-03-30 15:56:53,117 channel_15232: using channel_id: 2
2024-03-30 15:56:53,118 channel_15232: Channel open
2024-03-30 15:56:53,118 kombu_rmq_qmanager_15232: Consuming from queue: ResultFromServiceMessage ...
2024-03-30 15:56:53,385 kombu_rmq_qmanager_16852: Connected to RabbitMQ Server
2024-03-30 15:56:53,389 connection_16852: Start from server, version: 0.9, properties: {'capabilities': {'publisher_confirms': True, 'exchange_exchange_bindings': True, 'basic.nack': True, 'consumer_cancel_notify': True, 'connection.blocked': True, 'consumer_priorities': True, 'authentication_failure_close': True, 'per_consumer_qos': True, 'direct_reply_to': True}, 'cluster_name': 'rabbit@rabbitmq', 'copyright': 'Copyright (c) 2007-2024 Broadcom Inc and/or its subsidiaries', 'information': 'Licensed under the MPL 2.0. Website: https://rabbitmq.com', 'platform': 'Erlang/OTP 26.2.2', 'product': 'RabbitMQ', 'version': '3.13.0'}, mechanisms: [b'AMQPLAIN', b'PLAIN'], locales: ['en_US']
2024-03-30 15:56:53,390 channel_16852: using channel_id: 1
2024-03-30 15:56:53,391 channel_16852: Channel open
2024-03-30 15:56:53,392 channel_16852: Closed channel #1
2024-03-30 15:56:53,392 channel_16852: using channel_id: 1
2024-03-30 15:56:53,393 channel_16852: Channel open
2024-03-30 15:56:53,394 channel_16852: Closed channel #1
2024-03-30 15:56:53,394 channel_16852: using channel_id: 1
2024-03-30 15:56:53,395 channel_16852: Channel open
2024-03-30 15:56:53,396 channel_16852: Closed channel #1
2024-03-30 15:56:53,396 channel_16852: using channel_id: 1
2024-03-30 15:56:53,397 channel_16852: Channel open
2024-03-30 15:56:53,397 channel_19296: using channel_id: 2
2024-03-30 15:56:53,397 kombu_rmq_qmanager_16852: Connected to RabbitMQ Server
2024-03-30 15:56:53,398 channel_19296: Channel open
2024-03-30 15:56:53,398 kombu_rmq_qmanager_19296: Consuming from queue: ResultFromServiceMessage ...
2024-03-30 15:56:53,399 connection_16852: Start from server, version: 0.9, properties: {'capabilities': {'publisher_confirms': True, 'exchange_exchange_bindings': True, 'basic.nack': True, 'consumer_cancel_notify': True, 'connection.blocked': True, 'consumer_priorities': True, 'authentication_failure_close': True, 'per_consumer_qos': True, 'direct_reply_to': True}, 'cluster_name': 'rabbit@rabbitmq', 'copyright': 'Copyright (c) 2007-2024 Broadcom Inc and/or its subsidiaries', 'information': 'Licensed under the MPL 2.0. Website: https://rabbitmq.com', 'platform': 'Erlang/OTP 26.2.2', 'product': 'RabbitMQ', 'version': '3.13.0'}, mechanisms: [b'AMQPLAIN', b'PLAIN'], locales: ['en_US']
2024-03-30 15:56:53,400 channel_16852: using channel_id: 1
2024-03-30 15:56:53,401 channel_16852: Channel open
2024-03-30 15:56:53,402 channel_16852: Closed channel #1
2024-03-30 15:56:53,402 channel_16852: using channel_id: 1
2024-03-30 15:56:53,403 channel_16852: Channel open
2024-03-30 15:56:53,404 channel_16852: Closed channel #1
2024-03-30 15:56:53,404 channel_16852: using channel_id: 1
2024-03-30 15:56:53,405 channel_16852: Channel open
2024-03-30 15:56:53,406 channel_16852: Closed channel #1
2024-03-30 15:56:53,406 channel_16852: using channel_id: 1
2024-03-30 15:56:53,407 channel_16852: Channel open
2024-03-30 15:56:53,407 channel_18816: using channel_id: 2
2024-03-30 15:56:53,408 channel_18816: Channel open
2024-03-30 15:56:53,408 kombu_rmq_qmanager_18816: Consuming from queue: ResultFromServiceMessage ...
2024-03-30 15:56:53,417 autoreload_16852: Watching for file changes with StatReloader
2024-03-30 15:56:53,423 kombu_rmq_qmanager_16852: Connected to RabbitMQ Server
2024-03-30 15:56:53,425 connection_16852: Start from server, version: 0.9, properties: {'capabilities': {'publisher_confirms': True, 'exchange_exchange_bindings': True, 'basic.nack': True, 'consumer_cancel_notify': True, 'connection.blocked': True, 'consumer_priorities': True, 'authentication_failure_close': True, 'per_consumer_qos': True, 'direct_reply_to': True}, 'cluster_name': 'rabbit@rabbitmq', 'copyright': 'Copyright (c) 2007-2024 Broadcom Inc and/or its subsidiaries', 'information': 'Licensed under the MPL 2.0. Website: https://rabbitmq.com', 'platform': 'Erlang/OTP 26.2.2', 'product': 'RabbitMQ', 'version': '3.13.0'}, mechanisms: [b'AMQPLAIN', b'PLAIN'], locales: ['en_US']
2024-03-30 15:56:53,427 channel_16852: using channel_id: 1
2024-03-30 15:56:53,428 channel_16852: Channel open
2024-03-30 15:56:53,430 channel_16852: Closed channel #1
2024-03-30 15:56:53,430 channel_16852: using channel_id: 1
2024-03-30 15:56:53,431 channel_16852: Channel open
2024-03-30 15:56:53,433 channel_16852: Closed channel #1
2024-03-30 15:56:53,433 channel_16852: using channel_id: 1
2024-03-30 15:56:53,433 channel_16852: Channel open
2024-03-30 15:56:53,435 channel_16852: Closed channel #1
2024-03-30 15:56:53,435 channel_16852: using channel_id: 1
2024-03-30 15:56:53,436 channel_16852: Channel open
2024-03-30 15:57:32,897 kombu_rmq_qmanager_17820: Connected to RabbitMQ Server
2024-03-30 15:57:32,900 connection_17820: Start from server, version: 0.9, properties: {'capabilities': {'publisher_confirms': True, 'exchange_exchange_bindings': True, 'basic.nack': True, 'consumer_cancel_notify': True, 'connection.blocked': True, 'consumer_priorities': True, 'authentication_failure_close': True, 'per_consumer_qos': True, 'direct_reply_to': True}, 'cluster_name': 'rabbit@rabbitmq', 'copyright': 'Copyright (c) 2007-2024 Broadcom Inc and/or its subsidiaries', 'information': 'Licensed under the MPL 2.0. Website: https://rabbitmq.com', 'platform': 'Erlang/OTP 26.2.2', 'product': 'RabbitMQ', 'version': '3.13.0'}, mechanisms: [b'AMQPLAIN', b'PLAIN'], locales: ['en_US']
2024-03-30 15:57:32,902 channel_17820: using channel_id: 1
2024-03-30 15:57:32,903 channel_17820: Channel open
2024-03-30 15:57:32,904 channel_17820: Closed channel #1
2024-03-30 15:57:32,904 channel_17820: using channel_id: 1
2024-03-30 15:57:32,905 channel_17820: Channel open
2024-03-30 15:57:32,906 channel_17820: Closed channel #1
2024-03-30 15:57:32,906 channel_17820: using channel_id: 1
2024-03-30 15:57:32,907 channel_17820: Channel open
2024-03-30 15:57:32,908 channel_17820: Closed channel #1
2024-03-30 15:57:32,908 channel_17820: using channel_id: 1
2024-03-30 15:57:32,909 channel_17820: Channel open
2024-03-30 15:57:32,909 channel_13856: using channel_id: 2
2024-03-30 15:57:32,910 kombu_rmq_qmanager_17820: Connected to RabbitMQ Server
2024-03-30 15:57:32,910 channel_13856: Channel open
2024-03-30 15:57:32,910 kombu_rmq_qmanager_13856: Consuming from queue: ResultFromServiceMessage ...
2024-03-30 15:57:32,911 connection_17820: Start from server, version: 0.9, properties: {'capabilities': {'publisher_confirms': True, 'exchange_exchange_bindings': True, 'basic.nack': True, 'consumer_cancel_notify': True, 'connection.blocked': True, 'consumer_priorities': True, 'authentication_failure_close': True, 'per_consumer_qos': True, 'direct_reply_to': True}, 'cluster_name': 'rabbit@rabbitmq', 'copyright': 'Copyright (c) 2007-2024 Broadcom Inc and/or its subsidiaries', 'information': 'Licensed under the MPL 2.0. Website: https://rabbitmq.com', 'platform': 'Erlang/OTP 26.2.2', 'product': 'RabbitMQ', 'version': '3.13.0'}, mechanisms: [b'AMQPLAIN', b'PLAIN'], locales: ['en_US']
2024-03-30 15:57:32,913 channel_17820: using channel_id: 1
2024-03-30 15:57:32,913 channel_17820: Channel open
2024-03-30 15:57:32,914 channel_17820: Closed channel #1
2024-03-30 15:57:32,915 channel_17820: using channel_id: 1
2024-03-30 15:57:32,915 channel_17820: Channel open
2024-03-30 15:57:32,916 channel_17820: Closed channel #1
2024-03-30 15:57:32,917 channel_17820: using channel_id: 1
2024-03-30 15:57:32,917 channel_17820: Channel open
2024-03-30 15:57:32,918 channel_17820: Closed channel #1
2024-03-30 15:57:32,918 channel_17820: using channel_id: 1
2024-03-30 15:57:32,919 channel_17820: Channel open
2024-03-30 15:57:32,919 channel_14692: using channel_id: 2
2024-03-30 15:57:32,920 channel_14692: Channel open
2024-03-30 15:57:32,920 kombu_rmq_qmanager_14692: Consuming from queue: ResultFromServiceMessage ...
2024-03-30 15:57:33,179 kombu_rmq_qmanager_19208: Connected to RabbitMQ Server
2024-03-30 15:57:33,183 connection_19208: Start from server, version: 0.9, properties: {'capabilities': {'publisher_confirms': True, 'exchange_exchange_bindings': True, 'basic.nack': True, 'consumer_cancel_notify': True, 'connection.blocked': True, 'consumer_priorities': True, 'authentication_failure_close': True, 'per_consumer_qos': True, 'direct_reply_to': True}, 'cluster_name': 'rabbit@rabbitmq', 'copyright': 'Copyright (c) 2007-2024 Broadcom Inc and/or its subsidiaries', 'information': 'Licensed under the MPL 2.0. Website: https://rabbitmq.com', 'platform': 'Erlang/OTP 26.2.2', 'product': 'RabbitMQ', 'version': '3.13.0'}, mechanisms: [b'AMQPLAIN', b'PLAIN'], locales: ['en_US']
2024-03-30 15:57:33,184 channel_19208: using channel_id: 1
2024-03-30 15:57:33,185 channel_19208: Channel open
2024-03-30 15:57:33,187 channel_19208: Closed channel #1
2024-03-30 15:57:33,187 channel_19208: using channel_id: 1
2024-03-30 15:57:33,187 channel_19208: Channel open
2024-03-30 15:57:33,189 channel_19208: Closed channel #1
2024-03-30 15:57:33,189 channel_19208: using channel_id: 1
2024-03-30 15:57:33,189 channel_19208: Channel open
2024-03-30 15:57:33,191 channel_19208: Closed channel #1
2024-03-30 15:57:33,191 channel_19208: using channel_id: 1
2024-03-30 15:57:33,192 channel_19208: Channel open
2024-03-30 15:57:33,192 channel_15920: using channel_id: 2
2024-03-30 15:57:33,192 kombu_rmq_qmanager_19208: Connected to RabbitMQ Server
2024-03-30 15:57:33,193 channel_15920: Channel open
2024-03-30 15:57:33,193 kombu_rmq_qmanager_15920: Consuming from queue: ResultFromServiceMessage ...
2024-03-30 15:57:33,194 connection_19208: Start from server, version: 0.9, properties: {'capabilities': {'publisher_confirms': True, 'exchange_exchange_bindings': True, 'basic.nack': True, 'consumer_cancel_notify': True, 'connection.blocked': True, 'consumer_priorities': True, 'authentication_failure_close': True, 'per_consumer_qos': True, 'direct_reply_to': True}, 'cluster_name': 'rabbit@rabbitmq', 'copyright': 'Copyright (c) 2007-2024 Broadcom Inc and/or its subsidiaries', 'information': 'Licensed under the MPL 2.0. Website: https://rabbitmq.com', 'platform': 'Erlang/OTP 26.2.2', 'product': 'RabbitMQ', 'version': '3.13.0'}, mechanisms: [b'AMQPLAIN', b'PLAIN'], locales: ['en_US']
2024-03-30 15:57:33,195 channel_19208: using channel_id: 1
2024-03-30 15:57:33,196 channel_19208: Channel open
2024-03-30 15:57:33,197 channel_19208: Closed channel #1
2024-03-30 15:57:33,197 channel_19208: using channel_id: 1
2024-03-30 15:57:33,198 channel_19208: Channel open
2024-03-30 15:57:33,199 channel_19208: Closed channel #1
2024-03-30 15:57:33,199 channel_19208: using channel_id: 1
2024-03-30 15:57:33,199 channel_19208: Channel open
2024-03-30 15:57:33,201 channel_19208: Closed channel #1
2024-03-30 15:57:33,201 channel_19208: using channel_id: 1
2024-03-30 15:57:33,202 channel_19208: Channel open
2024-03-30 15:57:33,202 channel_18916: using channel_id: 2
2024-03-30 15:57:33,203 channel_18916: Channel open
2024-03-30 15:57:33,203 kombu_rmq_qmanager_18916: Consuming from queue: ResultFromServiceMessage ...
2024-03-30 15:57:33,211 autoreload_19208: Watching for file changes with StatReloader
2024-03-30 15:57:33,216 kombu_rmq_qmanager_19208: Connected to RabbitMQ Server
2024-03-30 15:57:33,219 connection_19208: Start from server, version: 0.9, properties: {'capabilities': {'publisher_confirms': True, 'exchange_exchange_bindings': True, 'basic.nack': True, 'consumer_cancel_notify': True, 'connection.blocked': True, 'consumer_priorities': True, 'authentication_failure_close': True, 'per_consumer_qos': True, 'direct_reply_to': True}, 'cluster_name': 'rabbit@rabbitmq', 'copyright': 'Copyright (c) 2007-2024 Broadcom Inc and/or its subsidiaries', 'information': 'Licensed under the MPL 2.0. Website: https://rabbitmq.com', 'platform': 'Erlang/OTP 26.2.2', 'product': 'RabbitMQ', 'version': '3.13.0'}, mechanisms: [b'AMQPLAIN', b'PLAIN'], locales: ['en_US']
2024-03-30 15:57:33,220 channel_19208: using channel_id: 1
2024-03-30 15:57:33,221 channel_19208: Channel open
2024-03-30 15:57:33,223 channel_19208: Channel open
2024-03-30 15:57:33,223 kombu_rmq_qmanager_19208: Queue.bind: (404) NOT_FOUND - no previously declared queue
2024-03-30 15:57:33,224 kombu_rmq_qmanager_19208: Queue  not found in vhost /. Initializing...
2024-03-30 15:57:33,237 channel_19208: Closed channel #1
2024-03-30 15:57:33,237 channel_19208: using channel_id: 1
2024-03-30 15:57:33,237 channel_19208: Channel open
2024-03-30 15:57:33,239 channel_19208: Closed channel #1
2024-03-30 15:57:33,239 channel_19208: using channel_id: 1
2024-03-30 15:57:33,240 channel_19208: Channel open
2024-03-30 15:57:33,241 channel_19208: Closed channel #1
2024-03-30 15:57:33,241 channel_19208: using channel_id: 1
2024-03-30 15:57:33,242 channel_19208: Channel open
